# JRE version: OpenJDK Runtime Environment (17.0.2+8) (build 17.0.2+8-86)
# Java VM: OpenJDK 64-Bit Server VM (17.0.2+8-86, mixed mode, sharing, tiered, compressed oops, compressed class ptrs, g1 gc, windows-amd64)
GC Precious Log:
 CPUs: 8 total, 8 available
 Memory: 16193M
 Large Page Support: Disabled
 NUMA Support: Disabled
 Compressed Oops: Enabled (32-bit)
 Heap Region Size: 1M
 Heap Min Capacity: 8M
 Heap Initial Capacity: 254M
 Heap Max Capacity: 2G
 Pre-touch: Disabled
 Parallel Workers: 8
 Concurrent Workers: 2
 Concurrent Refinement Workers: 8
 Periodic GC: Disabled
Heap:
 garbage-first heap   total 260096K, used 195698K [0x0000000080000000, 0x0000000100000000)
  region size 1024K, 21 young (21504K), 4 survivors (4096K)
 Metaspace       used 120301K, committed 121216K, reserved 528384K
  class space    used 16025K, committed 16448K, reserved 421888K
GC Heap History (20 events):
Event: 80.356 GC heap before
{Heap before GC invocations=55 (full 0):
 garbage-first heap   total 242688K, used 212457K [0x0000000080000000, 0x0000000100000000)
  region size 1024K, 83 young (84992K), 3 survivors (3072K)
 Metaspace       used 102344K, committed 103232K, reserved 512000K
  class space    used 13675K, committed 14144K, reserved 421888K
}
Event: 80.366 GC heap after
{Heap after GC invocations=56 (full 0):
 garbage-first heap   total 242688K, used 122345K [0x0000000080000000, 0x0000000100000000)
  region size 1024K, 10 young (10240K), 10 survivors (10240K)
 Metaspace       used 102344K, committed 103232K, reserved 512000K
  class space    used 13675K, committed 14144K, reserved 421888K
}
Event: 81.609 GC heap before
{Heap before GC invocations=56 (full 0):
 garbage-first heap   total 242688K, used 198121K [0x0000000080000000, 0x0000000100000000)
  region size 1024K, 83 young (84992K), 10 survivors (10240K)
 Metaspace       used 103463K, committed 104384K, reserved 520192K
  class space    used 13814K, committed 14272K, reserved 421888K
}
Event: 81.621 GC heap after
{Heap after GC invocations=57 (full 0):
 garbage-first heap   total 242688K, used 128876K [0x0000000080000000, 0x0000000100000000)
  region size 1024K, 5 young (5120K), 5 survivors (5120K)
 Metaspace       used 103463K, committed 104384K, reserved 520192K
  class space    used 13814K, committed 14272K, reserved 421888K
}
Event: 82.409 GC heap before
{Heap before GC invocations=57 (full 0):
 garbage-first heap   total 242688K, used 199532K [0x0000000080000000, 0x0000000100000000)
  region size 1024K, 74 young (75776K), 5 survivors (5120K)
 Metaspace       used 103475K, committed 104384K, reserved 520192K
  class space    used 13816K, committed 14272K, reserved 421888K
}
Event: 82.415 GC heap after
{Heap after GC invocations=58 (full 0):
 garbage-first heap   total 242688K, used 129900K [0x0000000080000000, 0x0000000100000000)
  region size 1024K, 6 young (6144K), 6 survivors (6144K)
 Metaspace       used 103475K, committed 104384K, reserved 520192K
  class space    used 13816K, committed 14272K, reserved 421888K
}
Event: 83.093 GC heap before
{Heap before GC invocations=58 (full 0):
 garbage-first heap   total 242688K, used 202604K [0x0000000080000000, 0x0000000100000000)
  region size 1024K, 77 young (78848K), 6 survivors (6144K)
 Metaspace       used 103479K, committed 104384K, reserved 520192K
  class space    used 13816K, committed 14272K, reserved 421888K
}
Event: 83.100 GC heap after
{Heap after GC invocations=59 (full 0):
 garbage-first heap   total 242688K, used 131031K [0x0000000080000000, 0x0000000100000000)
  region size 1024K, 3 young (3072K), 3 survivors (3072K)
 Metaspace       used 103479K, committed 104384K, reserved 520192K
  class space    used 13816K, committed 14272K, reserved 421888K
}
Event: 84.968 GC heap before
{Heap before GC invocations=59 (full 0):
 garbage-first heap   total 242688K, used 203735K [0x0000000080000000, 0x0000000100000000)
  region size 1024K, 75 young (76800K), 3 survivors (3072K)
 Metaspace       used 108401K, committed 109312K, reserved 520192K
  class space    used 14479K, committed 14912K, reserved 421888K
}
Event: 84.973 GC heap after
{Heap after GC invocations=60 (full 0):
 garbage-first heap   total 242688K, used 129303K [0x0000000080000000, 0x0000000100000000)
  region size 1024K, 3 young (3072K), 3 survivors (3072K)
 Metaspace       used 108401K, committed 109312K, reserved 520192K
  class space    used 14479K, committed 14912K, reserved 421888K
}
Event: 94.708 GC heap before
{Heap before GC invocations=60 (full 0):
 garbage-first heap   total 242688K, used 213271K [0x0000000080000000, 0x0000000100000000)
  region size 1024K, 78 young (79872K), 3 survivors (3072K)
 Metaspace       used 113149K, committed 114048K, reserved 528384K
  class space    used 15043K, committed 15488K, reserved 421888K
}
Event: 94.716 GC heap after
{Heap after GC invocations=61 (full 0):
 garbage-first heap   total 242688K, used 135447K [0x0000000080000000, 0x0000000100000000)
  region size 1024K, 7 young (7168K), 7 survivors (7168K)
 Metaspace       used 113149K, committed 114048K, reserved 528384K
  class space    used 15043K, committed 15488K, reserved 421888K
}
Event: 96.580 GC heap before
{Heap before GC invocations=61 (full 0):
 garbage-first heap   total 242688K, used 218391K [0x0000000080000000, 0x0000000100000000)
  region size 1024K, 73 young (74752K), 7 survivors (7168K)
 Metaspace       used 116702K, committed 117632K, reserved 528384K
  class space    used 15530K, committed 16000K, reserved 421888K
}
Event: 96.594 GC heap after
{Heap after GC invocations=62 (full 0):
 garbage-first heap   total 242688K, used 155404K [0x0000000080000000, 0x0000000100000000)
  region size 1024K, 10 young (10240K), 10 survivors (10240K)
 Metaspace       used 116702K, committed 117632K, reserved 528384K
  class space    used 15530K, committed 16000K, reserved 421888K
}
Event: 96.662 GC heap before
{Heap before GC invocations=62 (full 0):
 garbage-first heap   total 242688K, used 187148K [0x0000000080000000, 0x0000000100000000)
  region size 1024K, 25 young (25600K), 10 survivors (10240K)
 Metaspace       used 116863K, committed 117760K, reserved 528384K
  class space    used 15549K, committed 16000K, reserved 421888K
}
Event: 96.671 GC heap after
{Heap after GC invocations=63 (full 0):
 garbage-first heap   total 242688K, used 168955K [0x0000000080000000, 0x0000000100000000)
  region size 1024K, 6 young (6144K), 6 survivors (6144K)
 Metaspace       used 116863K, committed 117760K, reserved 528384K
  class space    used 15549K, committed 16000K, reserved 421888K
}
Event: 97.159 GC heap before
{Heap before GC invocations=63 (full 0):
 garbage-first heap   total 242688K, used 200699K [0x0000000080000000, 0x0000000100000000)
  region size 1024K, 35 young (35840K), 6 survivors (6144K)
 Metaspace       used 118754K, committed 119616K, reserved 528384K
  class space    used 15828K, committed 16256K, reserved 421888K
}
Event: 97.173 GC heap after
{Heap after GC invocations=64 (full 0):
 garbage-first heap   total 242688K, used 173807K [0x0000000080000000, 0x0000000100000000)
  region size 1024K, 5 young (5120K), 5 survivors (5120K)
 Metaspace       used 118754K, committed 119616K, reserved 528384K
  class space    used 15828K, committed 16256K, reserved 421888K
}
Event: 97.357 GC heap before
{Heap before GC invocations=64 (full 0):
 garbage-first heap   total 242688K, used 190191K [0x0000000080000000, 0x0000000100000000)
  region size 1024K, 23 young (23552K), 5 survivors (5120K)
 Metaspace       used 119641K, committed 120576K, reserved 528384K
  class space    used 15929K, committed 16384K, reserved 421888K
}
Event: 97.368 GC heap after
{Heap after GC invocations=65 (full 0):
 garbage-first heap   total 242688K, used 179314K [0x0000000080000000, 0x0000000100000000)
  region size 1024K, 4 young (4096K), 4 survivors (4096K)
 Metaspace       used 119641K, committed 120576K, reserved 528384K
  class space    used 15929K, committed 16384K, reserved 421888K
}

